This is pdfTeX, Version 3.141592-1.40.4 (MiKTeX 2.7 Beta 3) (preloaded format=pdflatex 2008.5.13)  15 MAY 2008 01:08
entering extended mode
**Master.tex
(Master.tex
LaTeX2e <2005/12/01>
Babel <v3.8g> and hyphenation patterns for english, dumylang, nohyphenation, ge
rman, ngerman, french, loaded.
("C:\Arquivos de programas\MiKTeX 2.7\tex\latex\base\report.cls"
Document Class: report 2005/09/16 v1.4f Standard LaTeX document class
("C:\Arquivos de programas\MiKTeX 2.7\tex\latex\base\size12.clo"
File: size12.clo 2005/09/16 v1.4f Standard LaTeX file (size option)
)
\c@part=\count79
\c@chapter=\count80
\c@section=\count81
\c@subsection=\count82
\c@subsubsection=\count83
\c@paragraph=\count84
\c@subparagraph=\count85
\c@figure=\count86
\c@table=\count87
\abovecaptionskip=\skip41
\belowcaptionskip=\skip42
\bibindent=\dimen102
)
("C:\Arquivos de programas\MiKTeX 2.7\tex\latex\ltxmisc\a4wide.sty"
Package: a4wide 1994/08/30

("C:\Arquivos de programas\MiKTeX 2.7\tex\latex\ntgclass\a4.sty"
Package: a4 2004/04/15 v1.2g A4 based page layout
))
("C:\Arquivos de programas\MiKTeX 2.7\tex\generic\babel\babel.sty"
Package: babel 2005/05/21 v3.8g The Babel package

*************************************
* Local config file bblopts.cfg used
*
("C:\Arquivos de programas\MiKTeX 2.7\tex\latex\00miktex\bblopts.cfg"
File: bblopts.cfg 2006/07/31 v1.0 MiKTeX 'babel' configuration
)
("C:\Arquivos de programas\MiKTeX 2.7\tex\generic\babel\portuges.ldf"
Language: portuges 2005/03/31 v1.2p Portuguese support from the babel system

("C:\Arquivos de programas\MiKTeX 2.7\tex\generic\babel\babel.def"
File: babel.def 2005/05/21 v3.8g Babel common definitions
\babel@savecnt=\count88
\U@D=\dimen103
)

Package babel Warning: No hyphenation patterns were loaded for
(babel)                the language `Portuguese'
(babel)                I will use the patterns loaded for \language=0 instead.

\l@portuges = a dialect from \language0
Package babel Info: Making " an active character on input line 145.
) ("C:\Arquivos de programas\MiKTeX 2.7\tex\generic\babel\english.ldf"
Language: english 2005/03/30 v3.3o English support from the babel system
\l@british = a dialect from \language\l@english 
\l@UKenglish = a dialect from \language\l@english 
\l@canadian = a dialect from \language\l@american 
\l@australian = a dialect from \language\l@british 
\l@newzealand = a dialect from \language\l@british 
))
("C:\Arquivos de programas\MiKTeX 2.7\tex\latex\graphics\graphics.sty"
Package: graphics 2006/02/20 v1.0o Standard LaTeX Graphics (DPC,SPQR)

("C:\Arquivos de programas\MiKTeX 2.7\tex\latex\graphics\trig.sty"
Package: trig 1999/03/16 v1.09 sin cos tan (DPC)
)
("C:\Arquivos de programas\MiKTeX 2.7\tex\latex\00miktex\graphics.cfg"
File: graphics.cfg 2007/01/18 v1.5 graphics configuration of teTeX/TeXLive
)
Package graphics Info: Driver file: pdftex.def on input line 90.

("C:\Arquivos de programas\MiKTeX 2.7\tex\latex\graphics\pdftex.def"
File: pdftex.def 2007/06/12 v0.04h Graphics/color for pdfTeX
\Gread@gobject=\count89
))
("C:\Arquivos de programas\MiKTeX 2.7\tex\latex\amsmath\amsmath.sty"
Package: amsmath 2000/07/18 v2.13 AMS math features
\@mathmargin=\skip43

For additional information on amsmath, use the `?' option.
("C:\Arquivos de programas\MiKTeX 2.7\tex\latex\amsmath\amstext.sty"
Package: amstext 2000/06/29 v2.01

("C:\Arquivos de programas\MiKTeX 2.7\tex\latex\amsmath\amsgen.sty"
File: amsgen.sty 1999/11/30 v2.0
\@emptytoks=\toks14
\ex@=\dimen104
))
("C:\Arquivos de programas\MiKTeX 2.7\tex\latex\amsmath\amsbsy.sty"
Package: amsbsy 1999/11/29 v1.2d
\pmbraise@=\dimen105
)
("C:\Arquivos de programas\MiKTeX 2.7\tex\latex\amsmath\amsopn.sty"
Package: amsopn 1999/12/14 v2.01 operator names
)
\inf@bad=\count90
LaTeX Info: Redefining \frac on input line 211.
\uproot@=\count91
\leftroot@=\count92
LaTeX Info: Redefining \overline on input line 307.
\classnum@=\count93
\DOTSCASE@=\count94
LaTeX Info: Redefining \ldots on input line 379.
LaTeX Info: Redefining \dots on input line 382.
LaTeX Info: Redefining \cdots on input line 467.
\Mathstrutbox@=\box26
\strutbox@=\box27
\big@size=\dimen106
LaTeX Font Info:    Redeclaring font encoding OML on input line 567.
LaTeX Font Info:    Redeclaring font encoding OMS on input line 568.
\macc@depth=\count95
\c@MaxMatrixCols=\count96
\dotsspace@=\muskip10
\c@parentequation=\count97
\dspbrk@lvl=\count98
\tag@help=\toks15
\row@=\count99
\column@=\count100
\maxfields@=\count101
\andhelp@=\toks16
\eqnshift@=\dimen107
\alignsep@=\dimen108
\tagshift@=\dimen109
\tagwidth@=\dimen110
\totwidth@=\dimen111
\lineht@=\dimen112
\@envbody=\toks17
\multlinegap=\skip44
\multlinetaggap=\skip45
\mathdisplay@stack=\toks18
LaTeX Info: Redefining \[ on input line 2666.
LaTeX Info: Redefining \] on input line 2667.
)
("C:\Arquivos de programas\MiKTeX 2.7\tex\latex\graphics\epsfig.sty"
Package: epsfig 1999/02/16 v1.7a (e)psfig emulation (SPQR)

("C:\Arquivos de programas\MiKTeX 2.7\tex\latex\graphics\graphicx.sty"
Package: graphicx 1999/02/16 v1.0f Enhanced LaTeX Graphics (DPC,SPQR)

("C:\Arquivos de programas\MiKTeX 2.7\tex\latex\graphics\keyval.sty"
Package: keyval 1999/03/16 v1.13 key=value parser (DPC)
\KV@toks@=\toks19
)
\Gin@req@height=\dimen113
\Gin@req@width=\dimen114
)
\epsfxsize=\dimen115
\epsfysize=\dimen116
)
("C:\Arquivos de programas\MiKTeX 2.7\tex\latex\base\inputenc.sty"
Package: inputenc 2006/05/05 v1.1b Input encoding file
\inpenc@prehook=\toks20
\inpenc@posthook=\toks21

("C:\Arquivos de programas\MiKTeX 2.7\tex\latex\base\latin1.def"
File: latin1.def 2006/05/05 v1.1b Input encoding file
))
(doublespace.sty) (fancyheadings.sty
\headrulewidth=\dimen117
\footrulewidth=\dimen118
\plainheadrulewidth=\dimen119
\plainfootrulewidth=\dimen120
\headwidth=\dimen121
\footruleskip=\dimen122
)
("C:\Arquivos de programas\MiKTeX 2.7\tex\latex\tools\longtable.sty"
Package: longtable 2004/02/01 v4.11 Multi-page Table package (DPC)
\LTleft=\skip46
\LTright=\skip47
\LTpre=\skip48
\LTpost=\skip49
\LTchunksize=\count102
\LTcapwidth=\dimen123
\LT@head=\box28
\LT@firsthead=\box29
\LT@foot=\box30
\LT@lastfoot=\box31
\LT@cols=\count103
\LT@rows=\count104
\c@LT@tables=\count105
\c@LT@chunks=\count106
\LT@p@ftn=\toks22
)

! LaTeX Error: File `dropping.sty' not found.

Type X to quit or <RETURN> to proceed,
or enter new name. (Default extension: sty)

Enter file name: 
("C:\Arquivos de programas\MiKTeX 2.7\tex\latex\ltxmisc\url.sty"
\Urlmuskip=\muskip11
Package: url 2005/06/27  ver 3.2  Verb mode for urls, etc.
)

! LaTeX Error: File `subfigure.sty' not found.

Type X to quit or <RETURN> to proceed,
or enter new name. (Default extension: sty)

Enter file name: 
("C:\Arquivos de programas\MiKTeX 2.7\tex\latex\geometry\geometry.sty"
Package: geometry 2002/07/08 v3.2 Page Geometry
\Gm@cnth=\count107
\Gm@cntv=\count108
\c@Gm@tempcnt=\count109
\Gm@bindingoffset=\dimen124
\Gm@wd@mp=\dimen125
\Gm@odd@mp=\dimen126
\Gm@even@mp=\dimen127
\Gm@dimlist=\toks23

("C:\Arquivos de programas\MiKTeX 2.7\tex\latex\geometry\geometry.cfg"))
(Master.aux (resumo.aux) (abstract.aux) (Introducao.aux) (objetivo.aux)
(trabalhos.aux) (edicao_de_video.aux) (sistemas_de_video.aux)
(sistemas_de_cor.aux) (deteccao_de_transicoes.aux) (ritmo_visual.aux)
(filtragem_espacial.aux) (deteccao_de_bordas.aux) (morfologia_matematica.aux

LaTeX Warning: Label `img:morfologia_original' multiply defined.

) (segmentacao_de_imagens.aux) (casamento_de_padroes.aux) (entropia.aux)
(metodologia.aux

LaTeX Warning: Label `img_metcortes' multiply defined.

) (requisitos_de_negocio.aux) (requisitos_de_sistema.aux

LaTeX Warning: Label `RQS12' multiply defined.

) (requisitos_de_usuario.aux) (modelagem_sistema.aux) (use_case_edicao.aux)
(use_case_deteccao.aux))
LaTeX Font Info:    Checking defaults for OML/cmm/m/it on input line 58.
LaTeX Font Info:    ... okay on input line 58.
LaTeX Font Info:    Checking defaults for T1/cmr/m/n on input line 58.
LaTeX Font Info:    ... okay on input line 58.
LaTeX Font Info:    Checking defaults for OT1/cmr/m/n on input line 58.
LaTeX Font Info:    ... okay on input line 58.
LaTeX Font Info:    Checking defaults for OMS/cmsy/m/n on input line 58.
LaTeX Font Info:    ... okay on input line 58.
LaTeX Font Info:    Checking defaults for OMX/cmex/m/n on input line 58.
LaTeX Font Info:    ... okay on input line 58.
LaTeX Font Info:    Checking defaults for U/cmr/m/n on input line 58.
LaTeX Font Info:    ... okay on input line 58.

("C:\Arquivos de programas\MiKTeX 2.7\tex\context\base\supp-pdf.tex"
[Loading MPS to PDF converter (version 2006.09.02).]
\scratchcounter=\count110
\scratchdimen=\dimen128
\scratchbox=\box32
\nofMPsegments=\count111
\nofMParguments=\count112
\MPscratchCnt=\count113
\MPscratchDim=\dimen129
\MPnumerator=\count114
\everyMPtoPDFconversion=\toks24
)
-------------------- Geometry parameters
paper: a4paper
landscape: --
twocolumn: --
twoside: --
asymmetric: --
h-parts: 85.35826pt, 455.24411pt, 56.9055pt
v-parts: 85.35826pt, 702.78308pt, 56.9055pt
hmarginratio: --
vmarginratio: --
lines: --
heightrounded: --
bindingoffset: 0.0pt
truedimen: --
includehead: --
includefoot: --
includemp: --
driver: pdftex
-------------------- Page layout dimensions and switches
\paperwidth  597.50787pt
\paperheight 845.04684pt
\textwidth  455.24411pt
\textheight 702.78308pt
\oddsidemargin  13.08827pt
\evensidemargin 13.08827pt
\topmargin  -23.91173pt
\headheight 12.0pt
\headsep    25.0pt
\footskip   30.0pt
\marginparwidth 54.2025pt
\marginparsep   10.0pt
\columnsep  10.0pt
\skip\footins  20.0pt plus 4.0pt minus 4.0pt
\hoffset 0.0pt
\voffset 0.0pt
\mag 1000

(1in=72.27pt, 1cm=28.45pt)
-----------------------
 [1

{C:/Documents and Settings/All Users/Dados de aplicativos/MiKTeX/2.7/pdftex/con
fig/pdftex.map}] [2] (resumo.tex)
Overfull \vbox (2.49998pt too high) has occurred while \output is active []


[1


]
No file abstract.tex.
(Master.toc)
\tf@toc=\write3

Overfull \vbox (2.49998pt too high) has occurred while \output is active []


[2




] (Master.lof)
\tf@lof=\write4

Overfull \vbox (2.49998pt too high) has occurred while \output is active []


[3

] (Master.lot)
\tf@lot=\write5

Overfull \vbox (2.49998pt too high) has occurred while \output is active []


[4

] (Introducao.tex
Cap\'{\i }tulo 1.

Overfull \hbox (5.80388pt too wide) in paragraph at lines 15--28
[]\OT1/cmr/m/n/12 Um vdeo e nor-mal-mente for-mado por um con-junto de sub-v
deos, chama-dos "tomadas".
 []

)
Overfull \vbox (2.49998pt too high) has occurred while \output is active []


[1



] (objetivo.tex)
Overfull \vbox (2.7221pt too high) has occurred while \output is active []


[2


] (trabalhos.tex
Cap\'{\i }tulo 2.

LaTeX Warning: Citation `GUIMARAES_2003_2' on page 3 undefined on input line 9.



LaTeX Warning: Citation `GUIMARAES_2004' on page 3 undefined on input line 16.


LaTeX Warning: Citation `GUIMARAES_2004' on page 3 undefined on input line 26.


Overfull \vbox (2.49998pt too high) has occurred while \output is active []


[3



]

LaTeX Warning: Citation `GUIMARAES_2001_2' on page 4 undefined on input line 38
.


LaTeX Warning: Citation `SIMOES_2004' on page 4 undefined on input line 44.


LaTeX Warning: Citation `NGO_1999' on page 4 undefined on input line 51.


LaTeX Warning: Citation `GUIMARAES_2004' on page 4 undefined on input line 59.


LaTeX Warning: Citation `LEFEVRE_2003' on page 4 undefined on input line 69.


LaTeX Warning: Citation `GUIMARAES_2001' on page 4 undefined on input line 82.


Overfull \vbox (2.7221pt too high) has occurred while \output is active []


[4]

LaTeX Warning: Citation `GUIMARAES_2002_3' on page 5 undefined on input line 90
.


LaTeX Warning: Citation `GUIMARAES_2002' on page 5 undefined on input line 94.


LaTeX Warning: Citation `GUIMARAES_2002_2' on page 5 undefined on input line 97
.


LaTeX Warning: Citation `FANG_2006' on page 5 undefined on input line 106.


LaTeX Warning: Citation `YU_2001' on page 5 undefined on input line 117.


Overfull \vbox (2.7221pt too high) has occurred while \output is active []


[5]

LaTeX Warning: Citation `BERTRAND_1997' on page 6 undefined on input line 133.


LaTeX Warning: Citation `MICHIELSEN_2001' on page 6 undefined on input line 140
.

)
Overfull \vbox (2.7221pt too high) has occurred while \output is active []


[6] (edicao_de_video.tex
Cap\'{\i }tulo 3.
<imagens/fadein.png, id=44, 615.29875pt x 77.28876pt>
File: imagens/fadein.png Graphic file (type png)
 <use imagens/fadein.png>
Overfull \vbox (2.49998pt too high) has occurred while \output is active []


[7



] <imagens/fadeout.png, id=49, 618.31pt x 78.2925pt>
File: imagens/fadeout.png Graphic file (type png)

<use imagens/fadeout.png> <imagens/corte.png, id=50, 619.31375pt x 77.28876pt>
File: imagens/corte.png Graphic file (type png)

<use imagens/corte.png>
Overfull \vbox (2.7221pt too high) has occurred while \output is active []


[8 <imagens/fadein.png (PNG copy)> <imagens/fadeout.png (PNG copy)> <imagens/co
rte.png (PNG copy)>] <imagens/dissolve.png, id=54, 619.31375pt x 77.28876pt>
File: imagens/dissolve.png Graphic file (type png)

<use imagens/dissolve.png>

LaTeX Warning: Citation `FERNANDO_1999' on page 9 undefined on input line 94.

)
Overfull \vbox (2.7221pt too high) has occurred while \output is active []


[9 <imagens/dissolve.png (PNG copy)>] (sistemas_de_video.tex
<imagens/mpeg.png, id=58, 451.6875pt x 205.76875pt>
File: imagens/mpeg.png Graphic file (type png)
 <use imagens/mpeg.png>
<imagens/avi.png, id=59, 376.40625pt x 291.0875pt>
File: imagens/avi.png Graphic file (type png)
 <use imagens/avi.png>)
Overfull \vbox (2.7221pt too high) has occurred while \output is active []


[10


 <imagens/mpeg.png (PNG copy)> <imagens/avi.png (PNG copy)>]
(sistemas_de_cor.tex <imagens/rgb.png, id=63, 367.3725pt x 317.185pt>
File: imagens/rgb.png Graphic file (type png)

<use imagens/rgb.png> <imagens/cmyk.png, id=64, 188.20313pt x 188.20313pt>
File: imagens/cmyk.png Graphic file (type png)

<use imagens/cmyk.png>
Overfull \vbox (2.7221pt too high) has occurred while \output is active []


[11


] <imagens/hsv.png, id=69, 345.29pt x 201.75375pt>
File: imagens/hsv.png Graphic file (type png)
 <use imagens/hsv.png>
Overfull \vbox (2.7221pt too high) has occurred while \output is active []


[12 <imagens/rgb.png (PNG copy)>])
Overfull \vbox (2.7221pt too high) has occurred while \output is active []


[13 <imagens/cmyk.png (PNG copy)> <imagens/hsv.png (PNG copy)>]
Overfull \vbox (2.7221pt too high) has occurred while \output is active []


[14] (deteccao_de_transicoes.tex
<imagens/transicoes_detectadas.png, id=80, 755.82375pt x 105.39375pt>
File: imagens/transicoes_detectadas.png Graphic file (type png)

<use imagens/transicoes_detectadas.png>)
Overfull \vbox (2.7221pt too high) has occurred while \output is active []


[15


 <imagens/transicoes_detectadas.png (PNG copy)>] (ritmo_visual.tex

LaTeX Warning: Citation `GUIMARAES_2003_2' on page 16 undefined on input line 2
3.


LaTeX Warning: Citation `GUIMARAES_2001_2' on page 16 undefined on input line 2
3.

<imagens/rv_diagonal.png, id=84, 209.78375pt x 237.88875pt>
File: imagens/rv_diagonal.png Graphic file (type png)

<use imagens/rv_diagonal.png>
Overfull \vbox (2.7221pt too high) has occurred while \output is active []


[16


 <imagens/rv_diagonal.png (PNG copy)>]
<imagens/rv_exemplos.png, id=92, 736.7525pt x 191.71625pt>
File: imagens/rv_exemplos.png Graphic file (type png)

<use imagens/rv_exemplos.png>)
Overfull \vbox (2.7221pt too high) has occurred while \output is active []


[17 <imagens/rv_exemplos.png (PNG copy)>] (filtragem_espacial.tex
<imagens/mascaras.png, id=96, 527.9725pt x 112.42pt>
File: imagens/mascaras.png Graphic file (type png)

<use imagens/mascaras.png>
<imagens/filtragem_masc.png, id=97, 347.2975pt x 303.1325pt>
File: imagens/filtragem_masc.png Graphic file (type png)

<use imagens/filtragem_masc.png>
Overfull \vbox (2.7221pt too high) has occurred while \output is active []


[18


 <imagens/mascaras.png (PNG copy)>]
<imagens/filtragem_a.png, id=102, 513.92pt x 513.92pt>
File: imagens/filtragem_a.png Graphic file (type png)

<use imagens/filtragem_a.png>
Overfull \hbox (3.6398pt too wide) in paragraph at lines 74--75
 [][] 
 []

<imagens/filtragem_b.png, id=103, 513.92pt x 513.92pt>
File: imagens/filtragem_b.png Graphic file (type png)

<use imagens/filtragem_b.png>
Overfull \hbox (3.6398pt too wide) in paragraph at lines 81--82
 [][] 
 []


Overfull \hbox (19.44853pt too wide) in paragraph at lines 72--85
[][]   [] 
 []

<imagens/filtragem_c.png, id=104, 513.92pt x 513.92pt>
File: imagens/filtragem_c.png Graphic file (type png)

<use imagens/filtragem_c.png>
Overfull \vbox (2.7221pt too high) has occurred while \output is active []


[19 <imagens/filtragem_masc.png (PNG copy)> <imagens/filtragem_a.png> <imagens/
filtragem_b.png>]

LaTeX Warning: Citation `FELGUEIRAS_2006' on page 20 undefined on input line 10
5.


LaTeX Warning: Citation `STIVANELLO_2005' on page 20 undefined on input line 10
6.

)
Overfull \vbox (2.7221pt too high) has occurred while \output is active []


[20 <imagens/filtragem_c.png>] (deteccao_de_bordas.tex
<imagens/borda_sobel_original.png, id=112, 513.92pt x 513.92pt>
File: imagens/borda_sobel_original.png Graphic file (type png)

<use imagens/borda_sobel_original.png>
Overfull \hbox (3.6398pt too wide) in paragraph at lines 58--59
 [][] 
 []

<imagens/borda_sobel_horizontal.png, id=113, 513.92pt x 513.92pt>
File: imagens/borda_sobel_horizontal.png Graphic file (type png)

<use imagens/borda_sobel_horizontal.png>
Overfull \hbox (3.6398pt too wide) in paragraph at lines 65--66
 [][] 
 []


Overfull \hbox (19.44853pt too wide) in paragraph at lines 56--69
[][]   [] 
 []

<imagens/borda_sobel_vertical.png, id=114, 513.92pt x 513.92pt>
File: imagens/borda_sobel_vertical.png Graphic file (type png)

<use imagens/borda_sobel_vertical.png>
Overfull \hbox (3.6398pt too wide) in paragraph at lines 74--75
 [][] 
 []

<imagens/borda_sobel_completo.png, id=115, 513.92pt x 513.92pt>
File: imagens/borda_sobel_completo.png Graphic file (type png)

<use imagens/borda_sobel_completo.png>
Overfull \hbox (3.6398pt too wide) in paragraph at lines 81--82
 [][] 
 []


Overfull \hbox (19.44853pt too wide) in paragraph at lines 72--85
[][]   [] 
 []


Overfull \vbox (2.7221pt too high) has occurred while \output is active []


[21


]

LaTeX Warning: Citation `SANTOS_2005' on page 22 undefined on input line 119.


LaTeX Warning: Citation `MADRUGA_2005' on page 22 undefined on input line 120.


LaTeX Warning: Citation `BOTELHO_2007' on page 22 undefined on input line 121.


LaTeX Warning: Citation `FELGUEIRAS_2006' on page 22 undefined on input line 12
2.


LaTeX Warning: Citation `STIVANELLO_2005' on page 22 undefined on input line 12
3.

)
Overfull \vbox (2.7221pt too high) has occurred while \output is active []


[22 <imagens/borda_sobel_original.png> <imagens/borda_sobel_horizontal.png>]
Overfull \vbox (2.7221pt too high) has occurred while \output is active []


[23 <imagens/borda_sobel_vertical.png> <imagens/borda_sobel_completo.png>]
(morfologia_matematica.tex

LaTeX Warning: Citation `NOGUEIRA_2002' on page 24 undefined on input line 9.


<imagens/morfologia_elementos_estruturantes.png, id=126, 316.18124pt x 108.405p
t>
File: imagens/morfologia_elementos_estruturantes.png Graphic file (type png)
 <use imagens/morfologia_elementos_estruturantes.png>
<imagens/morfologia_original.png, id=127, 401.5pt x 280.04625pt>
File: imagens/morfologia_original.png Graphic file (type png)

<use imagens/morfologia_original.png>
<imagens/morfologia_erosao.png, id=128, 401.5pt x 280.04625pt>
File: imagens/morfologia_erosao.png Graphic file (type png)

<use imagens/morfologia_erosao.png>
Overfull \hbox (19.44853pt too wide) in paragraph at lines 32--45
[][]   [] 
 []


LaTeX Warning: Citation `NOGUEIRA_2002' on page 24 undefined on input line 47.


Overfull \vbox (2.7221pt too high) has occurred while \output is active []


[24


 <imagens/morfologia_elementos_estruturantes.png (PNG copy)> <imagens/morfologi
a_original.png> <imagens/morfologia_erosao.png>]
File: imagens/morfologia_original.png Graphic file (type png)

<use imagens/morfologia_original.png>
<imagens/morfologia_dilatacao.png, id=132, 401.5pt x 280.04625pt>
File: imagens/morfologia_dilatacao.png Graphic file (type png)

<use imagens/morfologia_dilatacao.png>
Overfull \hbox (19.44853pt too wide) in paragraph at lines 67--80
[][]   [] 
 []


LaTeX Warning: Citation `NOGUEIRA_2002' on page 25 undefined on input line 82.

)
Overfull \vbox (2.7221pt too high) has occurred while \output is active []


[25 <imagens/morfologia_dilatacao.png>] (segmentacao_de_imagens.tex
<imagens/seg_histograma.png, id=137, 481.8pt x 277.035pt>
File: imagens/seg_histograma.png Graphic file (type png)

<use imagens/seg_histograma.png>
<imagens/seg_limiar_original.png, id=138, 513.92pt x 513.92pt>
File: imagens/seg_limiar_original.png Graphic file (type png)

<use imagens/seg_limiar_original.png>
Overfull \hbox (3.6398pt too wide) in paragraph at lines 35--36
 [][] 
 []

<imagens/seg_limiar_50.png, id=139, 513.92pt x 513.92pt>
File: imagens/seg_limiar_50.png Graphic file (type png)

<use imagens/seg_limiar_50.png>
Overfull \hbox (3.6398pt too wide) in paragraph at lines 42--43
 [][] 
 []


Overfull \hbox (19.44853pt too wide) in paragraph at lines 33--46
[][]   [] 
 []

<imagens/seg_limiar_100.png, id=140, 513.92pt x 513.92pt>
File: imagens/seg_limiar_100.png Graphic file (type png)

<use imagens/seg_limiar_100.png>
Overfull \hbox (3.6398pt too wide) in paragraph at lines 51--52
 [][] 
 []

<imagens/seg_limiar_150.png, id=141, 513.92pt x 513.92pt>
File: imagens/seg_limiar_150.png Graphic file (type png)

<use imagens/seg_limiar_150.png>
Overfull \hbox (3.6398pt too wide) in paragraph at lines 58--59
 [][] 
 []


Overfull \hbox (19.44853pt too wide) in paragraph at lines 49--62
[][]   [] 
 []

)
Overfull \vbox (2.7221pt too high) has occurred while \output is active []


[26


 <imagens/seg_histograma.png (PNG copy)>]
Overfull \vbox (2.7221pt too high) has occurred while \output is active []


[27 <imagens/seg_limiar_original.png> <imagens/seg_limiar_50.png>]
Overfull \vbox (2.7221pt too high) has occurred while \output is active []


[28 <imagens/seg_limiar_100.png> <imagens/seg_limiar_150.png>]
(casamento_de_padroes.tex
<imagens/casamento_padrao.png, id=151, 439.6425pt x 324.21124pt>
File: imagens/casamento_padrao.png Graphic file (type png)

<use imagens/casamento_padrao.png>

LaTeX Warning: Citation `FARIA_1997' on page 29 undefined on input line 56.


LaTeX Warning: Citation `FARIA_2001' on page 29 undefined on input line 57.

)
Overfull \vbox (2.7221pt too high) has occurred while \output is active []


[29


]
Overfull \vbox (2.7221pt too high) has occurred while \output is active []


[30 <imagens/casamento_padrao.png (PNG copy)>] (entropia.tex
<imagens/entropia_maxima.png, id=158, 499.8675pt x 243.91125pt>
File: imagens/entropia_maxima.png Graphic file (type png)

<use imagens/entropia_maxima.png>
Overfull \vbox (2.7221pt too high) has occurred while \output is active []


[31


 <imagens/entropia_maxima.png (PNG copy)>]
<imagens/entropia_minima.png, id=163, 499.8675pt x 243.91125pt>
File: imagens/entropia_minima.png Graphic file (type png)

<use imagens/entropia_minima.png>)
Overfull \vbox (2.7221pt too high) has occurred while \output is active []


[32 <imagens/entropia_minima.png (PNG copy)>] (metodologia.tex
Cap\'{\i }tulo 4.
<imagens/metodologia.png, id=167, 207.77625pt x 450.68375pt>
File: imagens/metodologia.png Graphic file (type png)

<use imagens/metodologia.png>
Overfull \vbox (2.49998pt too high) has occurred while \output is active []


[33



 <imagens/metodologia.png (PNG copy)>]
<imagens/metodologia_cortes.png, id=171, 652.4375pt x 760.8425pt>
File: imagens/metodologia_cortes.png Graphic file (type png)

<use imagens/metodologia_cortes.png>
Overfull \vbox (2.7221pt too high) has occurred while \output is active []


[34 <imagens/metodologia_cortes.png (PNG copy)>]
<imagens/metodologia_fades.png, id=175, 580.1675pt x 717.68124pt>
File: imagens/metodologia_fades.png Graphic file (type png)

<use imagens/metodologia_fades.png>
Overfull \vbox (2.7221pt too high) has occurred while \output is active []


[35]
Overfull \vbox (2.7221pt too high) has occurred while \output is active []


[36 <imagens/metodologia_fades.png (PNG copy)>]
Overfull \vbox (2.7221pt too high) has occurred while \output is active []


[37])
Overfull \vbox (2.7221pt too high) has occurred while \output is active []


[38] (requisitos_de_negocio.tex
Cap\'{\i }tulo 5.
)
Overfull \vbox (2.49998pt too high) has occurred while \output is active []


[39



] (requisitos_de_sistema.tex
LaTeX Font Info:    Try loading font information for OMS+cmr on input line 29.

("C:\Arquivos de programas\MiKTeX 2.7\tex\latex\base\omscmr.fd"
File: omscmr.fd 1999/05/25 v2.5h Standard LaTeX font definitions
)
LaTeX Font Info:    Font shape `OMS/cmr/m/n' in size <12> not available
(Font)              Font shape `OMS/cmsy/m/n' tried instead on input line 29.

Overfull \vbox (2.7221pt too high) has occurred while \output is active []


[40


])
Overfull \vbox (2.7221pt too high) has occurred while \output is active []


[41]
Overfull \vbox (2.7221pt too high) has occurred while \output is active []


[42] (requisitos_de_usuario.tex
Overfull \vbox (2.7221pt too high) has occurred while \output is active []


[43


])
Overfull \vbox (2.7221pt too high) has occurred while \output is active []


[44]
Overfull \vbox (2.7221pt too high) has occurred while \output is active []


[45] (modelagem_sistema.tex
Cap\'{\i }tulo 6.
<imagens/use_case_geral.png, id=211, 600.2425pt x 416.55624pt>
File: imagens/use_case_geral.png Graphic file (type png)

<use imagens/use_case_geral.png>
Overfull \vbox (2.49998pt too high) has occurred while \output is active []


[46



 <imagens/use_case_geral.png (PNG copy)>])
Overfull \vbox (2.7221pt too high) has occurred while \output is active []


[47] (use_case_edicao.tex
<imagens/use_case_edicao.png, id=218, 558.085pt x 326.21875pt>
File: imagens/use_case_edicao.png Graphic file (type png)

<use imagens/use_case_edicao.png>)
Overfull \vbox (2.7221pt too high) has occurred while \output is active []


[48


 <imagens/use_case_edicao.png (PNG copy)>] (use_case_deteccao.tex

LaTeX Warning: File `imagens/use_case_transicao.png' not found on input line 5.



!pdfTeX error:  (file imagens/use_case_transicao.png): cannot find image file
 ==> Fatal error occurred, no output PDF file produced!
