This is pdfTeX, Version 3.141592-1.40.4 (MiKTeX 2.7 Beta 3) (preloaded format=pdflatex 2008.4.19)  19 APR 2008 14:51
entering extended mode
**Master.tex
(Master.tex
LaTeX2e <2005/12/01>
Babel <v3.8g> and hyphenation patterns for english, dumylang, nohyphenation, ge
rman, ngerman, french, loaded.
("C:\Program Files\MiKTeX 2.7\tex\latex\base\report.cls"
Document Class: report 2005/09/16 v1.4f Standard LaTeX document class
("C:\Program Files\MiKTeX 2.7\tex\latex\base\size12.clo"
File: size12.clo 2005/09/16 v1.4f Standard LaTeX file (size option)
)
\c@part=\count79
\c@chapter=\count80
\c@section=\count81
\c@subsection=\count82
\c@subsubsection=\count83
\c@paragraph=\count84
\c@subparagraph=\count85
\c@figure=\count86
\c@table=\count87
\abovecaptionskip=\skip41
\belowcaptionskip=\skip42
\bibindent=\dimen102
)
("C:\Program Files\MiKTeX 2.7\tex\latex\ltxmisc\a4wide.sty"
Package: a4wide 1994/08/30

("C:\Program Files\MiKTeX 2.7\tex\latex\ntgclass\a4.sty"
Package: a4 2004/04/15 v1.2g A4 based page layout
))
("C:\Program Files\MiKTeX 2.7\tex\generic\babel\babel.sty"
Package: babel 2005/05/21 v3.8g The Babel package

*************************************
* Local config file bblopts.cfg used
*
("C:\Program Files\MiKTeX 2.7\tex\latex\00miktex\bblopts.cfg"
File: bblopts.cfg 2006/07/31 v1.0 MiKTeX 'babel' configuration
)
("C:\Program Files\MiKTeX 2.7\tex\generic\babel\portuges.ldf"
Language: portuges 2005/03/31 v1.2p Portuguese support from the babel system

("C:\Program Files\MiKTeX 2.7\tex\generic\babel\babel.def"
File: babel.def 2005/05/21 v3.8g Babel common definitions
\babel@savecnt=\count88
\U@D=\dimen103
)

Package babel Warning: No hyphenation patterns were loaded for
(babel)                the language `Portuguese'
(babel)                I will use the patterns loaded for \language=0 instead.

\l@portuges = a dialect from \language0
Package babel Info: Making " an active character on input line 145.
) ("C:\Program Files\MiKTeX 2.7\tex\generic\babel\english.ldf"
Language: english 2005/03/30 v3.3o English support from the babel system
\l@british = a dialect from \language\l@english 
\l@UKenglish = a dialect from \language\l@english 
\l@canadian = a dialect from \language\l@american 
\l@australian = a dialect from \language\l@british 
\l@newzealand = a dialect from \language\l@british 
))
("C:\Program Files\MiKTeX 2.7\tex\latex\graphics\graphics.sty"
Package: graphics 2006/02/20 v1.0o Standard LaTeX Graphics (DPC,SPQR)

("C:\Program Files\MiKTeX 2.7\tex\latex\graphics\trig.sty"
Package: trig 1999/03/16 v1.09 sin cos tan (DPC)
)
("C:\Program Files\MiKTeX 2.7\tex\latex\00miktex\graphics.cfg"
File: graphics.cfg 2007/01/18 v1.5 graphics configuration of teTeX/TeXLive
)
Package graphics Info: Driver file: pdftex.def on input line 90.

("C:\Program Files\MiKTeX 2.7\tex\latex\graphics\pdftex.def"
File: pdftex.def 2007/06/12 v0.04h Graphics/color for pdfTeX
\Gread@gobject=\count89
))
("C:\Program Files\MiKTeX 2.7\tex\latex\amsmath\amsmath.sty"
Package: amsmath 2000/07/18 v2.13 AMS math features
\@mathmargin=\skip43

For additional information on amsmath, use the `?' option.
("C:\Program Files\MiKTeX 2.7\tex\latex\amsmath\amstext.sty"
Package: amstext 2000/06/29 v2.01

("C:\Program Files\MiKTeX 2.7\tex\latex\amsmath\amsgen.sty"
File: amsgen.sty 1999/11/30 v2.0
\@emptytoks=\toks14
\ex@=\dimen104
))
("C:\Program Files\MiKTeX 2.7\tex\latex\amsmath\amsbsy.sty"
Package: amsbsy 1999/11/29 v1.2d
\pmbraise@=\dimen105
)
("C:\Program Files\MiKTeX 2.7\tex\latex\amsmath\amsopn.sty"
Package: amsopn 1999/12/14 v2.01 operator names
)
\inf@bad=\count90
LaTeX Info: Redefining \frac on input line 211.
\uproot@=\count91
\leftroot@=\count92
LaTeX Info: Redefining \overline on input line 307.
\classnum@=\count93
\DOTSCASE@=\count94
LaTeX Info: Redefining \ldots on input line 379.
LaTeX Info: Redefining \dots on input line 382.
LaTeX Info: Redefining \cdots on input line 467.
\Mathstrutbox@=\box26
\strutbox@=\box27
\big@size=\dimen106
LaTeX Font Info:    Redeclaring font encoding OML on input line 567.
LaTeX Font Info:    Redeclaring font encoding OMS on input line 568.
\macc@depth=\count95
\c@MaxMatrixCols=\count96
\dotsspace@=\muskip10
\c@parentequation=\count97
\dspbrk@lvl=\count98
\tag@help=\toks15
\row@=\count99
\column@=\count100
\maxfields@=\count101
\andhelp@=\toks16
\eqnshift@=\dimen107
\alignsep@=\dimen108
\tagshift@=\dimen109
\tagwidth@=\dimen110
\totwidth@=\dimen111
\lineht@=\dimen112
\@envbody=\toks17
\multlinegap=\skip44
\multlinetaggap=\skip45
\mathdisplay@stack=\toks18
LaTeX Info: Redefining \[ on input line 2666.
LaTeX Info: Redefining \] on input line 2667.
)
("C:\Program Files\MiKTeX 2.7\tex\latex\graphics\epsfig.sty"
Package: epsfig 1999/02/16 v1.7a (e)psfig emulation (SPQR)

("C:\Program Files\MiKTeX 2.7\tex\latex\graphics\graphicx.sty"
Package: graphicx 1999/02/16 v1.0f Enhanced LaTeX Graphics (DPC,SPQR)

("C:\Program Files\MiKTeX 2.7\tex\latex\graphics\keyval.sty"
Package: keyval 1999/03/16 v1.13 key=value parser (DPC)
\KV@toks@=\toks19
)
\Gin@req@height=\dimen113
\Gin@req@width=\dimen114
)
\epsfxsize=\dimen115
\epsfysize=\dimen116
)
("C:\Program Files\MiKTeX 2.7\tex\latex\base\inputenc.sty"
Package: inputenc 2006/05/05 v1.1b Input encoding file
\inpenc@prehook=\toks20
\inpenc@posthook=\toks21

("C:\Program Files\MiKTeX 2.7\tex\latex\base\latin1.def"
File: latin1.def 2006/05/05 v1.1b Input encoding file
)) (doublespace.sty)
(fancyheadings.sty
\headrulewidth=\dimen117
\footrulewidth=\dimen118
\plainheadrulewidth=\dimen119
\plainfootrulewidth=\dimen120
\headwidth=\dimen121
\footruleskip=\dimen122
) ("C:\Program Files\MiKTeX 2.7\tex\latex\tools\longtable.sty"
Package: longtable 2004/02/01 v4.11 Multi-page Table package (DPC)
\LTleft=\skip46
\LTright=\skip47
\LTpre=\skip48
\LTpost=\skip49
\LTchunksize=\count102
\LTcapwidth=\dimen123
\LT@head=\box28
\LT@firsthead=\box29
\LT@foot=\box30
\LT@lastfoot=\box31
\LT@cols=\count103
\LT@rows=\count104
\c@LT@tables=\count105
\c@LT@chunks=\count106
\LT@p@ftn=\toks22
) ("C:\Program Files\MiKTeX 2.7\tex\latex\dropping\dropping.sty"
Package: dropping 1997/06/12 v.0.12
\bigscale=\count107
\down=\count108
\saveunitlength=\dimen124
\wantedheight=\dimen125

("C:\Program Files\MiKTeX 2.7\tex\latex\00miktex\graphics.cfg"
File: graphics.cfg 2007/01/18 v1.5 graphics configuration of teTeX/TeXLive
))
("C:\Program Files\MiKTeX 2.7\tex\latex\ltxmisc\url.sty"
\Urlmuskip=\muskip11
Package: url 2005/06/27  ver 3.2  Verb mode for urls, etc.
)
("C:\Program Files\MiKTeX 2.7\tex\latex\subfigure\subfigure.sty"
Package: subfigure 2002/07/30 v2.1.4 subfigure package
\subfigtopskip=\skip50
\subfigcapskip=\skip51
\subfigcaptopadj=\dimen126
\subfigbottomskip=\skip52
\subfigcapmargin=\dimen127
\subfiglabelskip=\skip53
\c@subfigure=\count109
\c@lofdepth=\count110
\c@subtable=\count111
\c@lotdepth=\count112

****************************************
* Local config file subfigure.cfg used *
****************************************
("C:\Program Files\MiKTeX 2.7\tex\latex\subfigure\subfigure.cfg")
\subfig@top=\skip54
\subfig@bottom=\skip55
)
("C:\Program Files\MiKTeX 2.7\tex\latex\geometry\geometry.sty"
Package: geometry 2002/07/08 v3.2 Page Geometry
\Gm@cnth=\count113
\Gm@cntv=\count114
\c@Gm@tempcnt=\count115
\Gm@bindingoffset=\dimen128
\Gm@wd@mp=\dimen129
\Gm@odd@mp=\dimen130
\Gm@even@mp=\dimen131
\Gm@dimlist=\toks23

("C:\Program Files\MiKTeX 2.7\tex\latex\geometry\geometry.cfg")) (Master.aux
(resumo.aux) (abstract.aux) (Introducao.aux) (objetivo.aux) (trabalhos.aux)
(revisao.aux) (edicao_de_video.aux) (sistemas_de_video.aux)
(sistemas_de_cor.aux))
LaTeX Font Info:    Checking defaults for OML/cmm/m/it on input line 59.
LaTeX Font Info:    ... okay on input line 59.
LaTeX Font Info:    Checking defaults for T1/cmr/m/n on input line 59.
LaTeX Font Info:    ... okay on input line 59.
LaTeX Font Info:    Checking defaults for OT1/cmr/m/n on input line 59.
LaTeX Font Info:    ... okay on input line 59.
LaTeX Font Info:    Checking defaults for OMS/cmsy/m/n on input line 59.
LaTeX Font Info:    ... okay on input line 59.
LaTeX Font Info:    Checking defaults for OMX/cmex/m/n on input line 59.
LaTeX Font Info:    ... okay on input line 59.
LaTeX Font Info:    Checking defaults for U/cmr/m/n on input line 59.
LaTeX Font Info:    ... okay on input line 59.

("C:\Program Files\MiKTeX 2.7\tex\context\base\supp-pdf.tex"
[Loading MPS to PDF converter (version 2006.09.02).]
\scratchcounter=\count116
\scratchdimen=\dimen132
\scratchbox=\box32
\nofMPsegments=\count117
\nofMParguments=\count118
\MPscratchCnt=\count119
\MPscratchDim=\dimen133
\MPnumerator=\count120
\everyMPtoPDFconversion=\toks24
)
-------------------- Geometry parameters
paper: a4paper
landscape: --
twocolumn: --
twoside: --
asymmetric: --
h-parts: 85.35826pt, 455.24411pt, 56.9055pt
v-parts: 85.35826pt, 702.78308pt, 56.9055pt
hmarginratio: --
vmarginratio: --
lines: --
heightrounded: --
bindingoffset: 0.0pt
truedimen: --
includehead: --
includefoot: --
includemp: --
driver: pdftex
-------------------- Page layout dimensions and switches
\paperwidth  597.50787pt
\paperheight 845.04684pt
\textwidth  455.24411pt
\textheight 702.78308pt
\oddsidemargin  13.08827pt
\evensidemargin 13.08827pt
\topmargin  -23.91173pt
\headheight 12.0pt
\headsep    25.0pt
\footskip   30.0pt
\marginparwidth 54.2025pt
\marginparsep   10.0pt
\columnsep  10.0pt
\skip\footins  20.0pt plus 4.0pt minus 4.0pt
\hoffset 0.0pt
\voffset 0.0pt
\mag 1000

(1in=72.27pt, 1cm=28.45pt)
-----------------------
 [1

{C:/Documents and Settings/All Users/Application Data/MiKTeX/2.7/pdftex/config/
pdftex.map}] [2] (resumo.tex)
Overfull \vbox (2.49998pt too high) has occurred while \output is active []


[1


]
No file abstract.tex.
(Master.toc)
\tf@toc=\write3

Overfull \vbox (2.49998pt too high) has occurred while \output is active []


[2




] (Master.lof)
\tf@lof=\write4

Overfull \vbox (2.49998pt too high) has occurred while \output is active []


[3

] (Introducao.tex
Cap\'{\i }tulo 1.
)
Overfull \vbox (2.49998pt too high) has occurred while \output is active []


[1



] (objetivo.tex)
Overfull \vbox (2.7221pt too high) has occurred while \output is active []


[2


] (trabalhos.tex
Cap\'{\i }tulo 2.

Overfull \vbox (2.49998pt too high) has occurred while \output is active []


[3



]
Overfull \vbox (2.7221pt too high) has occurred while \output is active []


[4]
Overfull \vbox (2.7221pt too high) has occurred while \output is active []


[5])
Overfull \vbox (2.7221pt too high) has occurred while \output is active []


[6] (revisao.tex
Cap\'{\i }tulo 3.
)
Overfull \vbox (2.49998pt too high) has occurred while \output is active []


[7



] (edicao_de_video.tex <imagens/fadein.png, id=43, 615.29875pt x 77.28876pt>
File: imagens/fadein.png Graphic file (type png)

<use imagens/fadein.png> <imagens/fadeout.png, id=44, 618.31pt x 78.2925pt>
File: imagens/fadeout.png Graphic file (type png)

<use imagens/fadeout.png>
Overfull \vbox (2.7221pt too high) has occurred while \output is active []


[8


 <imagens/fadein.png (PNG copy)> <imagens/fadeout.png (PNG copy)>]
<imagens/corte.png, id=49, 619.31375pt x 77.28876pt>
File: imagens/corte.png Graphic file (type png)
 <use imagens/corte.png>
<imagens/dissolve.png, id=50, 619.31375pt x 77.28876pt>
File: imagens/dissolve.png Graphic file (type png)

<use imagens/dissolve.png>)
Overfull \vbox (2.7221pt too high) has occurred while \output is active []


[9 <imagens/corte.png (PNG copy)> <imagens/dissolve.png (PNG copy)>]
(sistemas_de_video.tex <imagens/mpeg.png, id=54, 451.6875pt x 205.76875pt>
File: imagens/mpeg.png Graphic file (type png)

<use imagens/mpeg.png> <imagens/avi.png, id=55, 373.395pt x 289.08pt>
File: imagens/avi.png Graphic file (type png)

<use imagens/avi.png>)
Overfull \vbox (2.7221pt too high) has occurred while \output is active []


[10


 <imagens/mpeg.png (PNG copy)> <imagens/avi.png (PNG copy)>]
Overfull \vbox (2.7221pt too high) has occurred while \output is active []


[11] (sistemas_de_cor.tex <imagens/rgb.png, id=62, 367.3725pt x 317.185pt>
File: imagens/rgb.png Graphic file (type png)

<use imagens/rgb.png>
Overfull \vbox (2.7221pt too high) has occurred while \output is active []


[12


 <imagens/rgb.png (PNG copy)>]

LaTeX Warning: Reference `img_cmyk' on page 13 undefined on input line 76.

<imagens/cmyk.png, id=66, 501.875pt x 501.875pt>
File: imagens/cmyk.png Graphic file (type png)
 <use imagens/cmyk.png>
<imagens/hsv_a.png, id=67, 161.60374pt x 161.60374pt>
File: imagens/hsv_a.png Graphic file (type png)
 <use imagens/hsv_a.png>
<imagens/hsv_b.png, id=68, 258.9675pt x 241.90375pt>
File: imagens/hsv_b.png Graphic file (type png)
 <use imagens/hsv_b.png>
Overfull \vbox (2.7221pt too high) has occurred while \output is active []


[13]
Overfull \vbox (2.7221pt too high) has occurred while \output is active []


[14 <imagens/cmyk.png (PNG copy)> <imagens/hsv_a.png (PNG copy)>]

LaTeX Warning: Reference `tab:hsv' on page 15 undefined on input line 105.

)
Overfull \vbox (2.7221pt too high) has occurred while \output is active []


[15 <imagens/hsv_b.png (PNG copy)>]
Overfull \vbox (2.7221pt too high) has occurred while \output is active []


[16] (Master.aux (resumo.aux) (abstract.aux) (Introducao.aux) (objetivo.aux)
(trabalhos.aux) (revisao.aux) (edicao_de_video.aux) (sistemas_de_video.aux)
(sistemas_de_cor.aux))

LaTeX Warning: There were undefined references.


LaTeX Warning: Label(s) may have changed. Rerun to get cross-references right.

 ) 
Here is how much of TeX's memory you used:
 2876 strings out of 95351
 34735 string characters out of 1184435
 98803 words of memory out of 1500000
 5960 multiletter control sequences out of 110000
 10887 words of font info for 39 fonts, out of 1200000 for 2000
 14 hyphenation exceptions out of 8191
 30i,12n,27p,578b,329s stack positions out of 5000i,500n,10000p,200000b,5000s
<C:/Program Files/MiKTeX 2.7/fonts/type1/bluesky/cm/cmbx12.pfb><C:/Program Fi
les/MiKTeX 2.7/fonts/type1/bluesky/cm/cmr10.pfb><C:/Program Files/MiKTeX 2.7/fo
nts/type1/bluesky/cm/cmr12.pfb><C:/Program Files/MiKTeX 2.7/fonts/type1/bluesky
/cm/cmr17.pfb><C:/Program Files/MiKTeX 2.7/fonts/type1/bluesky/cm/cmti12.pfb>
Output written on Master.pdf (21 pages, 191346 bytes).
PDF statistics:
 100 PDF objects out of 1000 (max. 8388607)
 0 named destinations out of 1000 (max. 131072)
 51 words of extra memory for PDF output out of 10000 (max. 10000000)

